new,InitialChunk,0xcf5d2000000,33554432
new,CodeRange,0xe634157e000,536870912
new,MemoryChunk,0x1b21fa100000,147712
new,MemoryChunk,0x339762900000,213248
new,MemoryChunk,0x1d12f5b00000,540928
new,MemoryChunk,0xe6341600000,1048576
heap-capacity,2920448
heap-available,981640
markcompact,begin,0,2830,1389818201983
markcompact,end,0,3152,1389818201983
markcompact,begin,0,3190,1389818201983
markcompact,end,0,3327,1389818201983
new,MemoryChunk,0x300400f00000,147712
check-maps-depth,2
check-maps-depth,1
check-maps-depth,1
check-maps-depth,1
check-maps-depth,1
check-maps-depth,1
check-maps-depth,1
check-maps-depth,1
check-maps-depth,3
check-maps-depth,3
check-maps-depth,1
check-maps-depth,1
check-maps-depth,1
check-maps-depth,1
check-maps-depth,1
check-maps-depth,1
check-maps-depth,1
check-maps-depth,1
check-maps-depth,1
check-maps-depth,1
check-maps-depth,1
check-maps-depth,1
check-maps-depth,2
check-maps-depth,1
check-maps-depth,2
check-maps-depth,3
check-maps-depth,3
check-maps-depth,3
check-maps-depth,3
check-maps-depth,2
check-maps-depth,1
check-maps-depth,2
check-maps-depth,1
check-maps-depth,1
check-maps-depth,1
check-maps-depth,1
check-maps-depth,1
check-maps-depth,1
check-maps-depth,1
check-maps-depth,1
check-maps-depth,4
check-maps-depth,1
check-maps-depth,1
check-maps-depth,1
check-maps-depth,1
check-maps-depth,1
check-maps-depth,2
check-maps-depth,1
check-maps-depth,1
check-maps-depth,1
check-maps-depth,2
check-maps-depth,2
check-maps-depth,2
check-maps-depth,2
check-maps-depth,2
check-maps-depth,2
check-maps-depth,2
check-maps-depth,2
check-maps-depth,2
check-maps-depth,2
check-maps-depth,2
check-maps-depth,2
check-maps-depth,1
check-maps-depth,2
check-maps-depth,1
check-maps-depth,1
check-maps-depth,2
check-maps-depth,1
check-maps-depth,2
check-maps-depth,1
check-maps-depth,1
check-maps-depth,1
check-maps-depth,1
check-maps-depth,1
check-maps-depth,2
check-maps-depth,1
check-maps-depth,2
check-maps-depth,1
check-maps-depth,1
check-maps-depth,2
check-maps-depth,2
check-maps-depth,1
check-maps-depth,2
check-maps-depth,1
check-maps-depth,2
check-maps-depth,1
check-maps-depth,2
check-maps-depth,1
check-maps-depth,1
check-maps-depth,1
check-maps-depth,1
check-maps-depth,1
check-maps-depth,1
check-maps-depth,1
check-maps-depth,2
check-maps-depth,2
check-maps-depth,2
check-maps-depth,1
check-maps-depth,2
check-maps-depth,1
check-maps-depth,1
check-maps-depth,1
check-maps-depth,4
check-maps-depth,1
check-maps-depth,1
check-maps-depth,1
check-maps-depth,1
check-maps-depth,1
check-maps-depth,2
check-maps-depth,1
check-maps-depth,1
check-maps-depth,2
check-maps-depth,2
check-maps-depth,1
check-maps-depth,1
check-maps-depth,1
check-maps-depth,1
check-maps-depth,1
check-maps-depth,2
check-maps-depth,1
check-maps-depth,3
check-maps-depth,1
check-maps-depth,1
check-maps-depth,1
check-maps-depth,1
check-maps-depth,1
check-maps-depth,1
check-maps-depth,1
check-maps-depth,2
check-maps-depth,2
check-maps-depth,1
check-maps-depth,3
check-maps-depth,1
check-maps-depth,1
check-maps-depth,1
check-maps-depth,1
new,MemoryChunk,0x1410c3400000,1048576
check-maps-depth,1
check-maps-depth,2
check-maps-depth,1
check-maps-depth,1
check-maps-depth,1
check-maps-depth,1
check-maps-depth,1
check-maps-depth,1
check-maps-depth,1
check-maps-depth,2
check-maps-depth,1
check-maps-depth,2
check-maps-depth,1
check-maps-depth,1
check-maps-depth,1
check-maps-depth,2
check-maps-depth,2
check-maps-depth,1
check-maps-depth,2
check-maps-depth,2
check-maps-depth,2
check-maps-depth,2
check-maps-depth,1
check-maps-depth,1
check-maps-depth,1
check-maps-depth,1
check-maps-depth,1
check-maps-depth,1
check-maps-depth,1
check-maps-depth,2
check-maps-depth,1
check-maps-depth,1
check-maps-depth,1
check-maps-depth,1
check-maps-depth,1
check-maps-depth,1
check-maps-depth,1
check-maps-depth,1
check-maps-depth,1
check-maps-depth,1
check-maps-depth,1
check-maps-depth,1
check-maps-depth,1
check-maps-depth,2
check-maps-depth,1
check-maps-depth,1
check-maps-depth,1
check-maps-depth,1
check-maps-depth,1
check-maps-depth,1
check-maps-depth,1
check-maps-depth,1
check-maps-depth,1
check-maps-depth,1
check-maps-depth,1
check-maps-depth,1
check-maps-depth,1
check-maps-depth,1
check-maps-depth,3
check-maps-depth,1
check-maps-depth,1
check-maps-depth,3
check-maps-depth,1
check-maps-depth,3
check-maps-depth,1
check-maps-depth,1
check-maps-depth,1
check-maps-depth,1
check-maps-depth,1
check-maps-depth,1
check-maps-depth,1
check-maps-depth,1
check-maps-depth,1
check-maps-depth,2
check-maps-depth,1
check-maps-depth,1
check-maps-depth,1
check-maps-depth,1
check-maps-depth,2
check-maps-depth,1
check-maps-depth,1
check-maps-depth,1
check-maps-depth,1
check-maps-depth,3
check-maps-depth,3
check-maps-depth,3
check-maps-depth,3
check-maps-depth,3
check-maps-depth,3
check-maps-depth,2
check-maps-depth,1
check-maps-depth,1
check-maps-depth,1
check-maps-depth,1
check-maps-depth,1
check-maps-depth,1
check-maps-depth,3
check-maps-depth,1
check-maps-depth,1
check-maps-depth,1
check-maps-depth,1
check-maps-depth,2
check-maps-depth,1
check-maps-depth,1
check-maps-depth,1
check-maps-depth,1
check-maps-depth,1
check-maps-depth,1
check-maps-depth,1
check-maps-depth,4
check-maps-depth,1
check-maps-depth,2
check-maps-depth,2
check-maps-depth,1
check-maps-depth,1
check-maps-depth,1
check-maps-depth,4
check-maps-depth,3
check-maps-depth,1
check-maps-depth,1
check-maps-depth,1
check-maps-depth,1
check-maps-depth,2
check-maps-depth,1
scavenge,begin,0,40283,1389818202020
new,MemoryChunk,0x1f7645600000,1048576
scavenge,end,0,41341,1389818202021
new,MemoryChunk,0xe6341700000,1048576
check-maps-depth,1
check-maps-depth,4
check-maps-depth,1
check-maps-depth,1
check-maps-depth,1
check-maps-depth,1
check-maps-depth,1
check-maps-depth,2
check-maps-depth,1
check-maps-depth,1
check-maps-depth,1
check-maps-depth,1
check-maps-depth,2
check-maps-depth,1
check-maps-depth,1
check-maps-depth,1
check-maps-depth,4
check-maps-depth,4
new,MemoryChunk,0x359b53c00000,1048576
check-maps-depth,1
check-maps-depth,1
check-maps-depth,1
check-maps-depth,1
check-maps-depth,2
check-maps-depth,2
check-maps-depth,1
check-maps-depth,1
check-maps-depth,1
scavenge,begin,0,57167,1389818202037
scavenge,end,0,58113,1389818202038
check-maps-depth,2
check-maps-depth,3
check-maps-depth,2
check-maps-depth,1
scavenge,begin,0,65932,1389818202046
scavenge,end,0,66624,1389818202046
check-maps-depth,2
check-maps-depth,1
check-maps-depth,1
check-maps-depth,1
check-maps-depth,1
check-maps-depth,1
check-maps-depth,1
check-maps-depth,1
check-maps-depth,1
check-maps-depth,2
check-maps-depth,2
check-maps-depth,2
check-maps-depth,3
check-maps-depth,1
check-maps-depth,2
check-maps-depth,3
check-maps-depth,1
check-maps-depth,1
check-maps-depth,2
check-maps-depth,3
check-maps-depth,1
check-maps-depth,2
check-maps-depth,3
check-maps-depth,1
check-maps-depth,2
check-maps-depth,3
check-maps-depth,1
check-maps-depth,2
check-maps-depth,3
check-maps-depth,1
check-maps-depth,2
check-maps-depth,3
check-maps-depth,1
check-maps-depth,2
check-maps-depth,3
check-maps-depth,1
check-maps-depth,2
check-maps-depth,3
check-maps-depth,1
check-maps-depth,2
check-maps-depth,3
check-maps-depth,1
check-maps-depth,2
check-maps-depth,3
check-maps-depth,1
check-maps-depth,2
check-maps-depth,3
check-maps-depth,1
check-maps-depth,2
check-maps-depth,3
check-maps-depth,1
check-maps-depth,2
check-maps-depth,3
check-maps-depth,1
check-maps-depth,2
check-maps-depth,3
check-maps-depth,1
check-maps-depth,2
check-maps-depth,3
check-maps-depth,1
check-maps-depth,2
check-maps-depth,3
check-maps-depth,1
check-maps-depth,2
check-maps-depth,3
check-maps-depth,1
check-maps-depth,2
check-maps-depth,3
check-maps-depth,1
check-maps-depth,2
check-maps-depth,3
check-maps-depth,1
check-maps-depth,2
check-maps-depth,3
scavenge,begin,0,77735,1389818202061
new,MemoryChunk,0x19520e100000,1048576
scavenge,end,0,79076,1389818202063
check-maps-depth,2
check-maps-depth,1
check-maps-depth,1
check-maps-depth,1
check-maps-depth,1
check-maps-depth,1
check-maps-depth,1
check-maps-depth,1
check-maps-depth,1
check-maps-depth,1
check-maps-depth,1
check-maps-depth,1
check-maps-depth,1
check-maps-depth,3
check-maps-depth,1
check-maps-depth,1
check-maps-depth,2
check-maps-depth,1
check-maps-depth,1
check-maps-depth,1
check-maps-depth,3
check-maps-depth,1
check-maps-depth,2
check-maps-depth,1
check-maps-depth,1
check-maps-depth,2
check-maps-depth,2
check-maps-depth,1
check-maps-depth,2
check-maps-depth,1
check-maps-depth,1
check-maps-depth,3
check-maps-depth,1
check-maps-depth,2
check-maps-depth,2
check-maps-depth,1
check-maps-depth,2
check-maps-depth,6
check-maps-depth,6
check-maps-depth,1
check-maps-depth,1
check-maps-depth,2
check-maps-depth,1
check-maps-depth,1
check-maps-depth,1
check-maps-depth,1
check-maps-depth,1
check-maps-depth,1
check-maps-depth,2
check-maps-depth,8
check-maps-depth,8
check-maps-depth,2
check-maps-depth,3
check-maps-depth,3
check-maps-depth,1
check-maps-depth,3
check-maps-depth,3
check-maps-depth,3
check-maps-depth,3
check-maps-depth,3
check-maps-depth,3
check-maps-depth,3
check-maps-depth,3
check-maps-depth,3
check-maps-depth,3
check-maps-depth,2
check-maps-depth,1
check-maps-depth,1
check-maps-depth,5
check-maps-depth,1
check-maps-depth,2
check-maps-depth,1
check-maps-depth,2
check-maps-depth,2
check-maps-depth,1
check-maps-depth,1
check-maps-depth,1
check-maps-depth,2
check-maps-depth,1
check-maps-depth,1
check-maps-depth,1
check-maps-depth,1
check-maps-depth,2
check-maps-depth,8
check-maps-depth,8
check-maps-depth,1
check-maps-depth,2
check-maps-depth,3
check-maps-depth,1
check-maps-depth,3
check-maps-depth,3
check-maps-depth,3
check-maps-depth,3
check-maps-depth,3
check-maps-depth,3
check-maps-depth,3
check-maps-depth,3
check-maps-depth,3
check-maps-depth,3
check-maps-depth,3
check-maps-depth,3
check-maps-depth,3
check-maps-depth,3
check-maps-depth,3
check-maps-depth,3
check-maps-depth,3
check-maps-depth,3
check-maps-depth,3
check-maps-depth,3
check-maps-depth,8
check-maps-depth,8
check-maps-depth,8
check-maps-depth,8
check-maps-depth,8
check-maps-depth,2
check-maps-depth,3
check-maps-depth,3
check-maps-depth,3
check-maps-depth,3
check-maps-depth,8
check-maps-depth,8
check-maps-depth,1
check-maps-depth,1
check-maps-depth,8
check-maps-depth,7
check-maps-depth,3
check-maps-depth,1
check-maps-depth,8
check-maps-depth,5
check-maps-depth,2
check-maps-depth,2
check-maps-depth,8
check-maps-depth,8
check-maps-depth,8
check-maps-depth,8
check-maps-depth,1
check-maps-depth,3
check-maps-depth,8
check-maps-depth,8
check-maps-depth,1
check-maps-depth,1
check-maps-depth,2
check-maps-depth,8
check-maps-depth,8
check-maps-depth,8
check-maps-depth,1
check-maps-depth,2
check-maps-depth,2
check-maps-depth,8
check-maps-depth,8
check-maps-depth,1
check-maps-depth,1
check-maps-depth,1
check-maps-depth,1
check-maps-depth,2
check-maps-depth,2
check-maps-depth,2
check-maps-depth,5
check-maps-depth,5
check-maps-depth,1
check-maps-depth,1
check-maps-depth,2
check-maps-depth,2
check-maps-depth,1
check-maps-depth,4
check-maps-depth,4
check-maps-depth,1
check-maps-depth,1
scavenge,begin,0,102285,1389818202086
scavenge,end,0,103798,1389818202087
check-maps-depth,2
check-maps-depth,1
check-maps-depth,1
check-maps-depth,1
check-maps-depth,1
check-maps-depth,1
check-maps-depth,3
check-maps-depth,3
check-maps-depth,1
scavenge,begin,0,114535,1389818202102
new,MemoryChunk,0x2c5c63f00000,1048576
new,MemoryChunk,0xef1c8a00000,1048576
scavenge,end,0,115773,1389818202103
check-maps-depth,1
check-maps-depth,1
check-maps-depth,1
check-maps-depth,1
check-maps-depth,3
check-maps-depth,2
check-maps-depth,2
check-maps-depth,2
check-maps-depth,2
check-maps-depth,2
check-maps-depth,3
check-maps-depth,2
check-maps-depth,2
check-maps-depth,1
check-maps-depth,1
check-maps-depth,1
check-maps-depth,2
check-maps-depth,1
check-maps-depth,1
check-maps-depth,2
check-maps-depth,1
check-maps-depth,1
check-maps-depth,2
check-maps-depth,1
check-maps-depth,1
check-maps-depth,4
check-maps-depth,1
check-maps-depth,1
check-maps-depth,2
check-maps-depth,2
check-maps-depth,1
check-maps-depth,1
check-maps-depth,1
check-maps-depth,2
check-maps-depth,1
check-maps-depth,1
check-maps-depth,1
check-maps-depth,2
check-maps-depth,2
check-maps-depth,2
check-maps-depth,2
check-maps-depth,1
check-maps-depth,1
check-maps-depth,4
check-maps-depth,1
check-maps-depth,1
new,MemoryChunk,0xe6341800000,1048576
check-maps-depth,1
check-maps-depth,1
check-maps-depth,1
check-maps-depth,3
check-maps-depth,1
check-maps-depth,1
check-maps-depth,1
check-maps-depth,1
check-maps-depth,1
check-maps-depth,1
check-maps-depth,1
check-maps-depth,1
check-maps-depth,1
check-maps-depth,1
check-maps-depth,3
check-maps-depth,1
check-maps-depth,1
check-maps-depth,8
check-maps-depth,1
check-maps-depth,2
check-maps-depth,1
check-maps-depth,1
check-maps-depth,1
check-maps-depth,1
check-maps-depth,1
check-maps-depth,1
check-maps-depth,1
check-maps-depth,1
check-maps-depth,1
check-maps-depth,1
check-maps-depth,1
check-maps-depth,2
check-maps-depth,1
check-maps-depth,1
check-maps-depth,1
check-maps-depth,1
check-maps-depth,1
check-maps-depth,1
check-maps-depth,2
check-maps-depth,2
check-maps-depth,7
check-maps-depth,7
check-maps-depth,1
check-maps-depth,1
check-maps-depth,1
check-maps-depth,4
check-maps-depth,1
check-maps-depth,1
check-maps-depth,1
check-maps-depth,1
check-maps-depth,1
check-maps-depth,1
check-maps-depth,1
check-maps-depth,1
check-maps-depth,2
check-maps-depth,1
check-maps-depth,1
check-maps-depth,1
check-maps-depth,2
check-maps-depth,2
check-maps-depth,1
check-maps-depth,1
check-maps-depth,1
check-maps-depth,1
check-maps-depth,2
check-maps-depth,1
check-maps-depth,2
check-maps-depth,1
check-maps-depth,2
check-maps-depth,1
check-maps-depth,1
check-maps-depth,1
check-maps-depth,1
check-maps-depth,1
check-maps-depth,1
check-maps-depth,1
check-maps-depth,1
check-maps-depth,2
check-maps-depth,6
check-maps-depth,6
check-maps-depth,1
check-maps-depth,1
check-maps-depth,2
check-maps-depth,1
check-maps-depth,1
check-maps-depth,6
check-maps-depth,6
check-maps-depth,1
check-maps-depth,2
check-maps-depth,1
check-maps-depth,1
check-maps-depth,1
check-maps-depth,1
check-maps-depth,1
check-maps-depth,1
check-maps-depth,1
check-maps-depth,1
check-maps-depth,1
check-maps-depth,1
check-maps-depth,1
check-maps-depth,1
check-maps-depth,1
check-maps-depth,1
check-maps-depth,1
check-maps-depth,1
check-maps-depth,2
check-maps-depth,1
check-maps-depth,2
check-maps-depth,1
check-maps-depth,1
check-maps-depth,1
check-maps-depth,2
check-maps-depth,2
check-maps-depth,2
check-maps-depth,1
check-maps-depth,2
check-maps-depth,1
check-maps-depth,1
check-maps-depth,1
check-maps-depth,1
check-maps-depth,2
check-maps-depth,2
check-maps-depth,1
check-maps-depth,1
check-maps-depth,3
check-maps-depth,1
check-maps-depth,1
check-maps-depth,1
check-maps-depth,1
check-maps-depth,1
check-maps-depth,1
check-maps-depth,1
check-maps-depth,1
check-maps-depth,1
check-maps-depth,1
check-maps-depth,1
check-maps-depth,1
check-maps-depth,1
check-maps-depth,1
check-maps-depth,1
check-maps-depth,1
check-maps-depth,1
check-maps-depth,1
check-maps-depth,1
check-maps-depth,1
check-maps-depth,1
check-maps-depth,1
check-maps-depth,1
check-maps-depth,1
check-maps-depth,2
check-maps-depth,2
check-maps-depth,2
check-maps-depth,1
check-maps-depth,1
check-maps-depth,1
check-maps-depth,1
check-maps-depth,5
check-maps-depth,1
check-maps-depth,7
check-maps-depth,7
check-maps-depth,7
check-maps-depth,7
check-maps-depth,7
check-maps-depth,7
check-maps-depth,7
check-maps-depth,7
check-maps-depth,7
check-maps-depth,7
check-maps-depth,6
check-maps-depth,7
check-maps-depth,4
check-maps-depth,7
check-maps-depth,7
check-maps-depth,7
check-maps-depth,7
check-maps-depth,3
check-maps-depth,7
check-maps-depth,7
check-maps-depth,2
check-maps-depth,1
check-maps-depth,1
check-maps-depth,2
check-maps-depth,1
check-maps-depth,1
check-maps-depth,1
check-maps-depth,1
check-maps-depth,1
check-maps-depth,1
check-maps-depth,2
check-maps-depth,1
check-maps-depth,3
check-maps-depth,3
check-maps-depth,2
check-maps-depth,1
check-maps-depth,7
check-maps-depth,4
check-maps-depth,6
check-maps-depth,4
check-maps-depth,1
check-maps-depth,2
check-maps-depth,1
check-maps-depth,7
check-maps-depth,7
check-maps-depth,7
check-maps-depth,7
check-maps-depth,7
check-maps-depth,1
check-maps-depth,4
check-maps-depth,2
check-maps-depth,1
check-maps-depth,1
check-maps-depth,1
check-maps-depth,3
check-maps-depth,3
check-maps-depth,2
check-maps-depth,3
check-maps-depth,7
check-maps-depth,3
check-maps-depth,3
check-maps-depth,4
check-maps-depth,2
check-maps-depth,4
check-maps-depth,1
check-maps-depth,2
check-maps-depth,1
check-maps-depth,1
check-maps-depth,1
check-maps-depth,1
check-maps-depth,1
check-maps-depth,1
check-maps-depth,1
check-maps-depth,2
check-maps-depth,1
check-maps-depth,1
check-maps-depth,1
check-maps-depth,2
check-maps-depth,6
check-maps-depth,6
check-maps-depth,6
check-maps-depth,6
check-maps-depth,6
check-maps-depth,6
check-maps-depth,6
check-maps-depth,6
check-maps-depth,6
check-maps-depth,6
check-maps-depth,6
check-maps-depth,6
check-maps-depth,6
check-maps-depth,6
check-maps-depth,6
check-maps-depth,6
check-maps-depth,1
check-maps-depth,6
check-maps-depth,6
check-maps-depth,6
check-maps-depth,1
check-maps-depth,1
check-maps-depth,6
check-maps-depth,1
check-maps-depth,6
check-maps-depth,1
check-maps-depth,1
check-maps-depth,1
check-maps-depth,1
check-maps-depth,6
check-maps-depth,1
check-maps-depth,1
check-maps-depth,1
check-maps-depth,1
check-maps-depth,1
check-maps-depth,1
check-maps-depth,1
check-maps-depth,2
check-maps-depth,1
check-maps-depth,1
check-maps-depth,1
check-maps-depth,1
check-maps-depth,1
check-maps-depth,2
check-maps-depth,1
check-maps-depth,1
check-maps-depth,1
check-maps-depth,1
check-maps-depth,1
check-maps-depth,1
check-maps-depth,1
check-maps-depth,1
check-maps-depth,2
check-maps-depth,2
check-maps-depth,2
check-maps-depth,2
check-maps-depth,2
check-maps-depth,2
check-maps-depth,4
check-maps-depth,1
check-maps-depth,2
check-maps-depth,2
check-maps-depth,2
check-maps-depth,3
check-maps-depth,3
check-maps-depth,3
check-maps-depth,3
check-maps-depth,3
check-maps-depth,3
check-maps-depth,1
check-maps-depth,2
check-maps-depth,3
check-maps-depth,3
check-maps-depth,3
check-maps-depth,1
check-maps-depth,1
check-maps-depth,1
check-maps-depth,1
check-maps-depth,2
check-maps-depth,2
check-maps-depth,1
check-maps-depth,1
check-maps-depth,2
check-maps-depth,1
check-maps-depth,2
check-maps-depth,1
check-maps-depth,1
check-maps-depth,1
check-maps-depth,1
check-maps-depth,1
check-maps-depth,1
check-maps-depth,1
check-maps-depth,4
check-maps-depth,1
check-maps-depth,1
check-maps-depth,1
check-maps-depth,1
check-maps-depth,2
check-maps-depth,1
check-maps-depth,1
check-maps-depth,1
check-maps-depth,1
check-maps-depth,1
check-maps-depth,1
check-maps-depth,1
check-maps-depth,1
check-maps-depth,4
check-maps-depth,1
check-maps-depth,4
check-maps-depth,1
check-maps-depth,2
check-maps-depth,1
check-maps-depth,1
check-maps-depth,1
check-maps-depth,1
check-maps-depth,2
check-maps-depth,1
check-maps-depth,2
check-maps-depth,2
check-maps-depth,2
check-maps-depth,1
check-maps-depth,2
check-maps-depth,1
check-maps-depth,1
check-maps-depth,3
check-maps-depth,2
check-maps-depth,2
check-maps-depth,2
check-maps-depth,2
check-maps-depth,1
check-maps-depth,2
check-maps-depth,2
check-maps-depth,3
check-maps-depth,2
check-maps-depth,2
check-maps-depth,2
check-maps-depth,2
check-maps-depth,2
check-maps-depth,2
check-maps-depth,1
check-maps-depth,1
check-maps-depth,2
check-maps-depth,1
